<?xml version="1.0" encoding="UTF-8"?>
<testng-results ignored="0" total="1" passed="1" failed="0" skipped="0">
  <reporter-output>
  </reporter-output>
  <suite started-at="2021-03-29T17:55:37 IST" name="Default suite" finished-at="2021-03-29T17:55:37 IST" duration-ms="158">
    <groups>
    </groups>
    <test started-at="2021-03-29T17:55:37 IST" name="Default test" finished-at="2021-03-29T17:55:37 IST" duration-ms="158">
      <class name="pac.CreateContact">
        <test-method signature="test()[pri:0, instance:pac.CreateContact@5f16132a]" started-at="2021-03-29T17:55:37 IST" name="test" finished-at="2021-03-29T17:55:37 IST" duration-ms="17" status="PASS">
          <reporter-output>
          </reporter-output>
        </test-method> <!-- test -->
      </class> <!-- pac.CreateContact -->
    </test> <!-- Default test -->
  </suite> <!-- Default suite -->
</testng-results>
